# JRE version: Java(TM) SE Runtime Environment (8.0_241-b07) (build 1.8.0_241-b07)
# Java VM: Java HotSpot(TM) 64-Bit Server VM (25.241-b07 mixed mode windows-amd64 compressed oops)
Heap:
 PSYoungGen      total 138752K, used 39125K [0x00000000eb180000, 0x00000000f9080000, 0x0000000100000000)
  eden space 126464K, 30% used [0x00000000eb180000,0x00000000ed7b57c0,0x00000000f2d00000)
  from space 12288K, 0% used [0x00000000f2d00000,0x00000000f2d00000,0x00000000f3900000)
  to   space 12800K, 0% used [0x00000000f8400000,0x00000000f8400000,0x00000000f9080000)
 ParOldGen       total 48640K, used 18899K [0x00000000c1400000, 0x00000000c4380000, 0x00000000eb180000)
  object space 48640K, 38% used [0x00000000c1400000,0x00000000c2674c90,0x00000000c4380000)
 Metaspace       used 24040K, capacity 24756K, committed 25088K, reserved 1071104K
  class space    used 2801K, capacity 2995K, committed 3072K, reserved 1048576K
GC Heap History (10 events):
Event: 22.854 GC heap before
{Heap before GC invocations=6 (full 0):
 PSYoungGen      total 35328K, used 35296K [0x00000000eb180000, 0x00000000efe80000, 0x0000000100000000)
  eden space 32768K, 100% used [0x00000000eb180000,0x00000000ed180000,0x00000000ed180000)
  from space 2560K, 98% used [0x00000000ed180000,0x00000000ed3f8020,0x00000000ed400000)
  to   space 6656K, 0% used [0x00000000ef800000,0x00000000ef800000,0x00000000efe80000)
 ParOldGen       total 44032K, used 8294K [0x00000000c1400000, 0x00000000c3f00000, 0x00000000eb180000)
  object space 44032K, 18% used [0x00000000c1400000,0x00000000c1c19bf8,0x00000000c3f00000)
 Metaspace       used 13351K, capacity 13564K, committed 13696K, reserved 1060864K
  class space    used 1597K, capacity 1658K, committed 1664K, reserved 1048576K
Event: 22.867 GC heap after
Heap after GC invocations=6 (full 0):
 PSYoungGen      total 72192K, used 4384K [0x00000000eb180000, 0x00000000efe80000, 0x0000000100000000)
  eden space 65536K, 0% used [0x00000000eb180000,0x00000000eb180000,0x00000000ef180000)
  from space 6656K, 65% used [0x00000000ef800000,0x00000000efc48020,0x00000000efe80000)
  to   space 6656K, 0% used [0x00000000ef180000,0x00000000ef180000,0x00000000ef800000)
 ParOldGen       total 44032K, used 8302K [0x00000000c1400000, 0x00000000c3f00000, 0x00000000eb180000)
  object space 44032K, 18% used [0x00000000c1400000,0x00000000c1c1bbf8,0x00000000c3f00000)
 Metaspace       used 13351K, capacity 13564K, committed 13696K, reserved 1060864K
  class space    used 1597K, capacity 1658K, committed 1664K, reserved 1048576K
}
Event: 29.356 GC heap before
{Heap before GC invocations=7 (full 0):
 PSYoungGen      total 72192K, used 69920K [0x00000000eb180000, 0x00000000efe80000, 0x0000000100000000)
  eden space 65536K, 100% used [0x00000000eb180000,0x00000000ef180000,0x00000000ef180000)
  from space 6656K, 65% used [0x00000000ef800000,0x00000000efc48020,0x00000000efe80000)
  to   space 6656K, 0% used [0x00000000ef180000,0x00000000ef180000,0x00000000ef800000)
 ParOldGen       total 44032K, used 8302K [0x00000000c1400000, 0x00000000c3f00000, 0x00000000eb180000)
  object space 44032K, 18% used [0x00000000c1400000,0x00000000c1c1bbf8,0x00000000c3f00000)
 Metaspace       used 14450K, capacity 14814K, committed 14848K, reserved 1062912K
  class space    used 1684K, capacity 1773K, committed 1792K, reserved 1048576K
Event: 29.435 GC heap after
Heap after GC invocations=7 (full 0):
 PSYoungGen      total 72192K, used 6631K [0x00000000eb180000, 0x00000000f4080000, 0x0000000100000000)
  eden space 65536K, 0% used [0x00000000eb180000,0x00000000eb180000,0x00000000ef180000)
  from space 6656K, 99% used [0x00000000ef180000,0x00000000ef7f9ca8,0x00000000ef800000)
  to   space 7680K, 0% used [0x00000000f3900000,0x00000000f3900000,0x00000000f4080000)
 ParOldGen       total 44032K, used 9207K [0x00000000c1400000, 0x00000000c3f00000, 0x00000000eb180000)
  object space 44032K, 20% used [0x00000000c1400000,0x00000000c1cfdc48,0x00000000c3f00000)
 Metaspace       used 14450K, capacity 14814K, committed 14848K, reserved 1062912K
  class space    used 1684K, capacity 1773K, committed 1792K, reserved 1048576K
}
Event: 34.198 GC heap before
{Heap before GC invocations=8 (full 0):
 PSYoungGen      total 72192K, used 72167K [0x00000000eb180000, 0x00000000f4080000, 0x0000000100000000)
  eden space 65536K, 100% used [0x00000000eb180000,0x00000000ef180000,0x00000000ef180000)
  from space 6656K, 99% used [0x00000000ef180000,0x00000000ef7f9ca8,0x00000000ef800000)
  to   space 7680K, 0% used [0x00000000f3900000,0x00000000f3900000,0x00000000f4080000)
 ParOldGen       total 44032K, used 9207K [0x00000000c1400000, 0x00000000c3f00000, 0x00000000eb180000)
  object space 44032K, 20% used [0x00000000c1400000,0x00000000c1cfdc48,0x00000000c3f00000)
 Metaspace       used 19131K, capacity 19586K, committed 19840K, reserved 1067008K
  class space    used 2264K, capacity 2365K, committed 2432K, reserved 1048576K
Event: 34.239 GC heap after
Heap after GC invocations=8 (full 0):
 PSYoungGen      total 134144K, used 7680K [0x00000000eb180000, 0x00000000f4980000, 0x0000000100000000)
  eden space 126464K, 0% used [0x00000000eb180000,0x00000000eb180000,0x00000000f2d00000)
  from space 7680K, 100% used [0x00000000f3900000,0x00000000f4080000,0x00000000f4080000)
  to   space 12288K, 0% used [0x00000000f2d00000,0x00000000f2d00000,0x00000000f3900000)
 ParOldGen       total 44032K, used 17838K [0x00000000c1400000, 0x00000000c3f00000, 0x00000000eb180000)
  object space 44032K, 40% used [0x00000000c1400000,0x00000000c256b888,0x00000000c3f00000)
 Metaspace       used 19131K, capacity 19586K, committed 19840K, reserved 1067008K
  class space    used 2264K, capacity 2365K, committed 2432K, reserved 1048576K
}
Event: 35.900 GC heap before
{Heap before GC invocations=9 (full 0):
 PSYoungGen      total 134144K, used 35429K [0x00000000eb180000, 0x00000000f4980000, 0x0000000100000000)
  eden space 126464K, 21% used [0x00000000eb180000,0x00000000ecc99580,0x00000000f2d00000)
  from space 7680K, 100% used [0x00000000f3900000,0x00000000f4080000,0x00000000f4080000)
  to   space 12288K, 0% used [0x00000000f2d00000,0x00000000f2d00000,0x00000000f3900000)
 ParOldGen       total 44032K, used 17838K [0x00000000c1400000, 0x00000000c3f00000, 0x00000000eb180000)
  object space 44032K, 40% used [0x00000000c1400000,0x00000000c256b888,0x00000000c3f00000)
 Metaspace       used 20650K, capacity 21184K, committed 21248K, reserved 1069056K
  class space    used 2391K, capacity 2529K, committed 2560K, reserved 1048576K
Event: 35.934 GC heap after
Heap after GC invocations=9 (full 0):
 PSYoungGen      total 138752K, used 8582K [0x00000000eb180000, 0x00000000f9080000, 0x0000000100000000)
  eden space 126464K, 0% used [0x00000000eb180000,0x00000000eb180000,0x00000000f2d00000)
  from space 12288K, 69% used [0x00000000f2d00000,0x00000000f3561b40,0x00000000f3900000)
  to   space 12800K, 0% used [0x00000000f8400000,0x00000000f8400000,0x00000000f9080000)
 ParOldGen       total 44032K, used 20030K [0x00000000c1400000, 0x00000000c3f00000, 0x00000000eb180000)
  object space 44032K, 45% used [0x00000000c1400000,0x00000000c278f888,0x00000000c3f00000)
 Metaspace       used 20650K, capacity 21184K, committed 21248K, reserved 1069056K
  class space    used 2391K, capacity 2529K, committed 2560K, reserved 1048576K
}
Event: 35.934 GC heap before
{Heap before GC invocations=10 (full 1):
 PSYoungGen      total 138752K, used 8582K [0x00000000eb180000, 0x00000000f9080000, 0x0000000100000000)
  eden space 126464K, 0% used [0x00000000eb180000,0x00000000eb180000,0x00000000f2d00000)
  from space 12288K, 69% used [0x00000000f2d00000,0x00000000f3561b40,0x00000000f3900000)
  to   space 12800K, 0% used [0x00000000f8400000,0x00000000f8400000,0x00000000f9080000)
 ParOldGen       total 44032K, used 20030K [0x00000000c1400000, 0x00000000c3f00000, 0x00000000eb180000)
  object space 44032K, 45% used [0x00000000c1400000,0x00000000c278f888,0x00000000c3f00000)
 Metaspace       used 20650K, capacity 21184K, committed 21248K, reserved 1069056K
  class space    used 2391K, capacity 2529K, committed 2560K, reserved 1048576K
Event: 36.242 GC heap after
Heap after GC invocations=10 (full 1):
 PSYoungGen      total 138752K, used 0K [0x00000000eb180000, 0x00000000f9080000, 0x0000000100000000)
  eden space 126464K, 0% used [0x00000000eb180000,0x00000000eb180000,0x00000000f2d00000)
  from space 12288K, 0% used [0x00000000f2d00000,0x00000000f2d00000,0x00000000f3900000)
  to   space 12800K, 0% used [0x00000000f8400000,0x00000000f8400000,0x00000000f9080000)
 ParOldGen       total 48640K, used 18899K [0x00000000c1400000, 0x00000000c4380000, 0x00000000eb180000)
  object space 48640K, 38% used [0x00000000c1400000,0x00000000c2674c90,0x00000000c4380000)
 Metaspace       used 20650K, capacity 21184K, committed 21248K, reserved 1069056K
  class space    used 2391K, capacity 2529K, committed 2560K, reserved 1048576K
}

